<?xml version="1.0" encoding="UTF-8"?>
<coverage generated="1531911433803" clover="3.2.0">
  <project timestamp="1531911433803" name="All files">
    <metrics statements="62" coveredstatements="58" conditionals="30" coveredconditionals="21" methods="6" coveredmethods="6" elements="98" coveredelements="85" complexity="0" loc="62" ncloc="62" packages="2" files="3" classes="3">
      <package name="dist">
        <metrics statements="37" coveredstatements="35" conditionals="18" coveredconditionals="13" methods="4" coveredmethods="4"/>
        <file name="bundle.js" path="/Users/Aaron/Projects/doc-head-extract/dist/bundle.js">
          <metrics statements="37" coveredstatements="35" conditionals="18" coveredconditionals="13" methods="4" coveredmethods="4"/>
          <line num="4" count="3" type="cond" truecount="1" falsecount="1"/>
          <line num="5" count="0" type="stmt"/>
          <line num="7" count="3" type="stmt"/>
          <line num="8" count="3" type="stmt"/>
          <line num="9" count="3" type="cond" truecount="1" falsecount="1"/>
          <line num="10" count="3" type="stmt"/>
          <line num="11" count="3" type="stmt"/>
          <line num="12" count="3" type="stmt"/>
          <line num="13" count="3" type="stmt"/>
          <line num="15" count="3" type="stmt"/>
          <line num="20" count="3" type="cond" truecount="1" falsecount="1"/>
          <line num="21" count="3" type="stmt"/>
          <line num="22" count="3" type="stmt"/>
          <line num="23" count="1" type="stmt"/>
          <line num="24" count="1" type="stmt"/>
          <line num="28" count="3" type="stmt"/>
          <line num="33" count="4" type="cond" truecount="1" falsecount="1"/>
          <line num="34" count="0" type="stmt"/>
          <line num="36" count="4" type="cond" truecount="2" falsecount="0"/>
          <line num="37" count="2" type="stmt"/>
          <line num="39" count="2" type="stmt"/>
          <line num="40" count="2" type="stmt"/>
          <line num="41" count="2" type="cond" truecount="2" falsecount="0"/>
          <line num="42" count="1" type="stmt"/>
          <line num="44" count="1" type="stmt"/>
          <line num="49" count="1" type="stmt"/>
          <line num="52" count="3" type="stmt"/>
          <line num="53" count="3" type="cond" truecount="1" falsecount="1"/>
          <line num="54" count="3" type="stmt"/>
          <line num="61" count="3" type="stmt"/>
          <line num="65" count="2" type="stmt"/>
          <line num="66" count="2" type="stmt"/>
          <line num="68" count="2" type="cond" truecount="4" falsecount="0"/>
          <line num="69" count="1" type="stmt"/>
          <line num="70" count="3" type="stmt"/>
          <line num="74" count="2" type="stmt"/>
          <line num="77" count="1" type="stmt"/>
        </file>
      </package>
      <package name="src.utils">
        <metrics statements="25" coveredstatements="23" conditionals="12" coveredconditionals="8" methods="2" coveredmethods="2"/>
        <file name="insert-heading.js" path="/Users/Aaron/Projects/doc-head-extract/src/utils/insert-heading.js">
          <metrics statements="9" coveredstatements="7" conditionals="6" coveredconditionals="4" methods="1" coveredmethods="1"/>
          <line num="2" count="4" type="cond" truecount="1" falsecount="1"/>
          <line num="3" count="0" type="stmt"/>
          <line num="5" count="4" type="cond" truecount="2" falsecount="0"/>
          <line num="6" count="2" type="stmt"/>
          <line num="8" count="2" type="stmt"/>
          <line num="9" count="2" type="stmt"/>
          <line num="10" count="2" type="cond" truecount="1" falsecount="1"/>
          <line num="11" count="0" type="stmt"/>
          <line num="13" count="2" type="stmt"/>
        </file>
        <file name="parse-dom.js" path="/Users/Aaron/Projects/doc-head-extract/src/utils/parse-dom.js">
          <metrics statements="16" coveredstatements="16" conditionals="6" coveredconditionals="4" methods="1" coveredmethods="1"/>
          <line num="2" count="5" type="cond" truecount="2" falsecount="0"/>
          <line num="3" count="1" type="stmt"/>
          <line num="5" count="4" type="stmt"/>
          <line num="6" count="4" type="stmt"/>
          <line num="7" count="4" type="cond" truecount="1" falsecount="1"/>
          <line num="8" count="4" type="stmt"/>
          <line num="9" count="4" type="stmt"/>
          <line num="10" count="4" type="stmt"/>
          <line num="11" count="4" type="stmt"/>
          <line num="13" count="4" type="stmt"/>
          <line num="18" count="4" type="cond" truecount="1" falsecount="1"/>
          <line num="19" count="4" type="stmt"/>
          <line num="20" count="4" type="stmt"/>
          <line num="21" count="2" type="stmt"/>
          <line num="22" count="2" type="stmt"/>
          <line num="26" count="4" type="stmt"/>
        </file>
      </package>
    </metrics>
  </project>
</coverage>
