{"/Users/Aaron/Projects/doc-head-extract/dist/bundle.js": {"path":"/Users/Aaron/Projects/doc-head-extract/dist/bundle.js","statementMap":{"0":{"start":{"line":4,"column":2},"end":{"line":6,"column":3}},"1":{"start":{"line":5,"column":4},"end":{"line":5,"column":15}},"2":{"start":{"line":7,"column":14},"end":{"line":7,"column":32}},"3":{"start":{"line":8,"column":17},"end":{"line":8,"column":31}},"4":{"start":{"line":9,"column":2},"end":{"line":29,"column":3}},"5":{"start":{"line":10,"column":17},"end":{"line":10,"column":26}},"6":{"start":{"line":11,"column":16},"end":{"line":11,"column":31}},"7":{"start":{"line":12,"column":18},"end":{"line":12,"column":27}},"8":{"start":{"line":13,"column":4},"end":{"line":13,"column":58}},"9":{"start":{"line":15,"column":14},"end":{"line":19,"column":5}},"10":{"start":{"line":20,"column":4},"end":{"line":26,"column":5}},"11":{"start":{"line":21,"column":6},"end":{"line":21,"column":27}},"12":{"start":{"line":22,"column":6},"end":{"line":25,"column":7}},"13":{"start":{"line":23,"column":21},"end":{"line":23,"column":38}},"14":{"start":{"line":24,"column":8},"end":{"line":24,"column":73}},"15":{"start":{"line":28,"column":4},"end":{"line":28,"column":14}},"16":{"start":{"line":33,"column":2},"end":{"line":35,"column":3}},"17":{"start":{"line":34,"column":4},"end":{"line":34,"column":10}},"18":{"start":{"line":36,"column":2},"end":{"line":46,"column":3}},"19":{"start":{"line":37,"column":4},"end":{"line":37,"column":27}},"20":{"start":{"line":39,"column":18},"end":{"line":39,"column":31}},"21":{"start":{"line":40,"column":14},"end":{"line":40,"column":43}},"22":{"start":{"line":41,"column":4},"end":{"line":45,"column":5}},"23":{"start":{"line":42,"column":6},"end":{"line":42,"column":29}},"24":{"start":{"line":44,"column":6},"end":{"line":44,"column":36}},"25":{"start":{"line":49,"column":19},"end":{"line":49,"column":38}},"26":{"start":{"line":52,"column":12},"end":{"line":52,"column":16}},"27":{"start":{"line":53,"column":2},"end":{"line":60,"column":3}},"28":{"start":{"line":54,"column":4},"end":{"line":59,"column":6}},"29":{"start":{"line":61,"column":2},"end":{"line":61,"column":12}},"30":{"start":{"line":65,"column":23},"end":{"line":65,"column":45}},"31":{"start":{"line":66,"column":17},"end":{"line":66,"column":19}},"32":{"start":{"line":68,"column":2},"end":{"line":72,"column":3}},"33":{"start":{"line":69,"column":4},"end":{"line":71,"column":5}},"34":{"start":{"line":70,"column":6},"end":{"line":70,"column":78}},"35":{"start":{"line":74,"column":2},"end":{"line":74,"column":17}},"36":{"start":{"line":77,"column":0},"end":{"line":77,"column":23}}},"fnMap":{"0":{"name":"parseDomString","decl":{"start":{"line":3,"column":9},"end":{"line":3,"column":23}},"loc":{"start":{"line":3,"column":30},"end":{"line":30,"column":1}},"line":3},"1":{"name":"insertHeading","decl":{"start":{"line":32,"column":9},"end":{"line":32,"column":22}},"loc":{"start":{"line":32,"column":43},"end":{"line":47,"column":1}},"line":32},"2":{"name":"getHeadingObj","decl":{"start":{"line":51,"column":9},"end":{"line":51,"column":22}},"loc":{"start":{"line":51,"column":29},"end":{"line":62,"column":1}},"line":51},"3":{"name":"index","decl":{"start":{"line":64,"column":9},"end":{"line":64,"column":14}},"loc":{"start":{"line":64,"column":22},"end":{"line":75,"column":1}},"line":64}},"branchMap":{"0":{"loc":{"start":{"line":4,"column":2},"end":{"line":6,"column":3}},"type":"if","locations":[{"start":{"line":4,"column":2},"end":{"line":6,"column":3}},{"start":{"line":4,"column":2},"end":{"line":6,"column":3}}],"line":4},"1":{"loc":{"start":{"line":9,"column":2},"end":{"line":29,"column":3}},"type":"if","locations":[{"start":{"line":9,"column":2},"end":{"line":29,"column":3}},{"start":{"line":9,"column":2},"end":{"line":29,"column":3}}],"line":9},"2":{"loc":{"start":{"line":20,"column":4},"end":{"line":26,"column":5}},"type":"if","locations":[{"start":{"line":20,"column":4},"end":{"line":26,"column":5}},{"start":{"line":20,"column":4},"end":{"line":26,"column":5}}],"line":20},"3":{"loc":{"start":{"line":33,"column":2},"end":{"line":35,"column":3}},"type":"if","locations":[{"start":{"line":33,"column":2},"end":{"line":35,"column":3}},{"start":{"line":33,"column":2},"end":{"line":35,"column":3}}],"line":33},"4":{"loc":{"start":{"line":36,"column":2},"end":{"line":46,"column":3}},"type":"if","locations":[{"start":{"line":36,"column":2},"end":{"line":46,"column":3}},{"start":{"line":36,"column":2},"end":{"line":46,"column":3}}],"line":36},"5":{"loc":{"start":{"line":41,"column":4},"end":{"line":45,"column":5}},"type":"if","locations":[{"start":{"line":41,"column":4},"end":{"line":45,"column":5}},{"start":{"line":41,"column":4},"end":{"line":45,"column":5}}],"line":41},"6":{"loc":{"start":{"line":53,"column":2},"end":{"line":60,"column":3}},"type":"if","locations":[{"start":{"line":53,"column":2},"end":{"line":60,"column":3}},{"start":{"line":53,"column":2},"end":{"line":60,"column":3}}],"line":53},"7":{"loc":{"start":{"line":68,"column":2},"end":{"line":72,"column":3}},"type":"if","locations":[{"start":{"line":68,"column":2},"end":{"line":72,"column":3}},{"start":{"line":68,"column":2},"end":{"line":72,"column":3}}],"line":68},"8":{"loc":{"start":{"line":68,"column":6},"end":{"line":68,"column":45}},"type":"binary-expr","locations":[{"start":{"line":68,"column":6},"end":{"line":68,"column":18}},{"start":{"line":68,"column":22},"end":{"line":68,"column":45}}],"line":68}},"s":{"0":3,"1":0,"2":3,"3":3,"4":3,"5":3,"6":3,"7":3,"8":3,"9":3,"10":3,"11":3,"12":3,"13":1,"14":1,"15":3,"16":4,"17":0,"18":4,"19":2,"20":2,"21":2,"22":2,"23":1,"24":1,"25":1,"26":3,"27":3,"28":3,"29":3,"30":2,"31":2,"32":2,"33":1,"34":3,"35":2,"36":1},"f":{"0":3,"1":4,"2":3,"3":2},"b":{"0":[0,3],"1":[3,0],"2":[3,0],"3":[0,4],"4":[2,2],"5":[1,1],"6":[3,0],"7":[1,1],"8":[2,1]},"_coverageSchema":"332fd63041d2c1bcb487cc26dd0d5f7d97098a6c","hash":"91f753c9a8049aa5fbd76a9995ff196b9a245969"}
,"/Users/Aaron/Projects/doc-head-extract/src/utils/insert-heading.js": {"path":"/Users/Aaron/Projects/doc-head-extract/src/utils/insert-heading.js","statementMap":{"0":{"start":{"line":2,"column":2},"end":{"line":4,"column":3}},"1":{"start":{"line":3,"column":4},"end":{"line":3,"column":10}},"2":{"start":{"line":5,"column":2},"end":{"line":15,"column":3}},"3":{"start":{"line":6,"column":4},"end":{"line":6,"column":26}},"4":{"start":{"line":8,"column":18},"end":{"line":8,"column":31}},"5":{"start":{"line":9,"column":14},"end":{"line":9,"column":43}},"6":{"start":{"line":10,"column":4},"end":{"line":14,"column":5}},"7":{"start":{"line":11,"column":6},"end":{"line":11,"column":28}},"8":{"start":{"line":13,"column":6},"end":{"line":13,"column":35}}},"fnMap":{"0":{"name":"insertHeading","decl":{"start":{"line":1,"column":24},"end":{"line":1,"column":37}},"loc":{"start":{"line":1,"column":58},"end":{"line":16,"column":1}},"line":1}},"branchMap":{"0":{"loc":{"start":{"line":2,"column":2},"end":{"line":4,"column":3}},"type":"if","locations":[{"start":{"line":2,"column":2},"end":{"line":4,"column":3}},{"start":{"line":2,"column":2},"end":{"line":4,"column":3}}],"line":2},"1":{"loc":{"start":{"line":5,"column":2},"end":{"line":15,"column":3}},"type":"if","locations":[{"start":{"line":5,"column":2},"end":{"line":15,"column":3}},{"start":{"line":5,"column":2},"end":{"line":15,"column":3}}],"line":5},"2":{"loc":{"start":{"line":10,"column":4},"end":{"line":14,"column":5}},"type":"if","locations":[{"start":{"line":10,"column":4},"end":{"line":14,"column":5}},{"start":{"line":10,"column":4},"end":{"line":14,"column":5}}],"line":10}},"s":{"0":4,"1":0,"2":4,"3":2,"4":2,"5":2,"6":2,"7":0,"8":2},"f":{"0":4},"b":{"0":[0,4],"1":[2,2],"2":[0,2]},"_coverageSchema":"332fd63041d2c1bcb487cc26dd0d5f7d97098a6c","hash":"28b000784c3c29a95a6701d1b24b359947926367"}
,"/Users/Aaron/Projects/doc-head-extract/src/utils/parse-dom.js": {"path":"/Users/Aaron/Projects/doc-head-extract/src/utils/parse-dom.js","statementMap":{"0":{"start":{"line":2,"column":2},"end":{"line":4,"column":3}},"1":{"start":{"line":3,"column":4},"end":{"line":3,"column":15}},"2":{"start":{"line":5,"column":14},"end":{"line":5,"column":35}},"3":{"start":{"line":6,"column":17},"end":{"line":6,"column":31}},"4":{"start":{"line":7,"column":2},"end":{"line":27,"column":3}},"5":{"start":{"line":8,"column":17},"end":{"line":8,"column":26}},"6":{"start":{"line":9,"column":16},"end":{"line":9,"column":31}},"7":{"start":{"line":10,"column":18},"end":{"line":10,"column":27}},"8":{"start":{"line":11,"column":4},"end":{"line":11,"column":59}},"9":{"start":{"line":13,"column":14},"end":{"line":17,"column":5}},"10":{"start":{"line":18,"column":4},"end":{"line":24,"column":5}},"11":{"start":{"line":19,"column":6},"end":{"line":19,"column":26}},"12":{"start":{"line":20,"column":6},"end":{"line":23,"column":7}},"13":{"start":{"line":21,"column":21},"end":{"line":21,"column":38}},"14":{"start":{"line":22,"column":8},"end":{"line":22,"column":72}},"15":{"start":{"line":26,"column":4},"end":{"line":26,"column":14}}},"fnMap":{"0":{"name":"(anonymous_0)","decl":{"start":{"line":1,"column":15},"end":{"line":1,"column":16}},"loc":{"start":{"line":1,"column":30},"end":{"line":28,"column":1}},"line":1}},"branchMap":{"0":{"loc":{"start":{"line":2,"column":2},"end":{"line":4,"column":3}},"type":"if","locations":[{"start":{"line":2,"column":2},"end":{"line":4,"column":3}},{"start":{"line":2,"column":2},"end":{"line":4,"column":3}}],"line":2},"1":{"loc":{"start":{"line":7,"column":2},"end":{"line":27,"column":3}},"type":"if","locations":[{"start":{"line":7,"column":2},"end":{"line":27,"column":3}},{"start":{"line":7,"column":2},"end":{"line":27,"column":3}}],"line":7},"2":{"loc":{"start":{"line":18,"column":4},"end":{"line":24,"column":5}},"type":"if","locations":[{"start":{"line":18,"column":4},"end":{"line":24,"column":5}},{"start":{"line":18,"column":4},"end":{"line":24,"column":5}}],"line":18}},"s":{"0":5,"1":1,"2":4,"3":4,"4":4,"5":4,"6":4,"7":4,"8":4,"9":4,"10":4,"11":4,"12":4,"13":2,"14":2,"15":4},"f":{"0":5},"b":{"0":[1,4],"1":[4,0],"2":[4,0]},"_coverageSchema":"332fd63041d2c1bcb487cc26dd0d5f7d97098a6c","hash":"15d534f460cfbdfb949ec30a4e9526a38ca2e772"}
}
