TN:
SF:/Users/Aaron/Projects/doc-head-extract/dist/bundle.js
FN:3,parseDomString
FN:32,insertHeading
FN:51,getHeadingObj
FN:64,index
FNF:4
FNH:4
FNDA:3,parseDomString
FNDA:4,insertHeading
FNDA:3,getHeadingObj
FNDA:2,index
DA:4,3
DA:5,0
DA:7,3
DA:8,3
DA:9,3
DA:10,3
DA:11,3
DA:12,3
DA:13,3
DA:15,3
DA:20,3
DA:21,3
DA:22,3
DA:23,1
DA:24,1
DA:28,3
DA:33,4
DA:34,0
DA:36,4
DA:37,2
DA:39,2
DA:40,2
DA:41,2
DA:42,1
DA:44,1
DA:49,1
DA:52,3
DA:53,3
DA:54,3
DA:61,3
DA:65,2
DA:66,2
DA:68,2
DA:69,1
DA:70,3
DA:74,2
DA:77,1
LF:37
LH:35
BRDA:4,0,0,0
BRDA:4,0,1,3
BRDA:9,1,0,3
BRDA:9,1,1,0
BRDA:20,2,0,3
BRDA:20,2,1,0
BRDA:33,3,0,0
BRDA:33,3,1,4
BRDA:36,4,0,2
BRDA:36,4,1,2
BRDA:41,5,0,1
BRDA:41,5,1,1
BRDA:53,6,0,3
BRDA:53,6,1,0
BRDA:68,7,0,1
BRDA:68,7,1,1
BRDA:68,8,0,2
BRDA:68,8,1,1
BRF:18
BRH:13
end_of_record
TN:
SF:/Users/Aaron/Projects/doc-head-extract/src/utils/insert-heading.js
FN:1,insertHeading
FNF:1
FNH:1
FNDA:4,insertHeading
DA:2,4
DA:3,0
DA:5,4
DA:6,2
DA:8,2
DA:9,2
DA:10,2
DA:11,0
DA:13,2
LF:9
LH:7
BRDA:2,0,0,0
BRDA:2,0,1,4
BRDA:5,1,0,2
BRDA:5,1,1,2
BRDA:10,2,0,0
BRDA:10,2,1,2
BRF:6
BRH:4
end_of_record
TN:
SF:/Users/Aaron/Projects/doc-head-extract/src/utils/parse-dom.js
FN:1,(anonymous_0)
FNF:1
FNH:1
FNDA:5,(anonymous_0)
DA:2,5
DA:3,1
DA:5,4
DA:6,4
DA:7,4
DA:8,4
DA:9,4
DA:10,4
DA:11,4
DA:13,4
DA:18,4
DA:19,4
DA:20,4
DA:21,2
DA:22,2
DA:26,4
LF:16
LH:16
BRDA:2,0,0,1
BRDA:2,0,1,4
BRDA:7,1,0,4
BRDA:7,1,1,0
BRDA:18,2,0,4
BRDA:18,2,1,0
BRF:6
BRH:4
end_of_record
